<?xml version="1.0" encoding="UTF-8"?>
<testng-results ignored="0" total="1" passed="1" failed="0" skipped="0">
  <reporter-output>
  </reporter-output>
  <suite started-at="2023-09-15T23:03:03 IST" name="Default suite" finished-at="2023-09-15T23:03:30 IST" duration-ms="26929">
    <groups>
    </groups>
    <test started-at="2023-09-15T23:03:03 IST" name="Default test" finished-at="2023-09-15T23:03:30 IST" duration-ms="26929">
      <class name="actitime.CreateNewProjectAndVerify">
        <test-method is-config="true" signature="connectdb()[pri:0, instance:actitime.CreateNewProjectAndVerify@239a307b]" started-at="2023-09-15T23:03:03 IST" name="connectdb" finished-at="2023-09-15T23:03:03 IST" duration-ms="17" status="PASS">
          <reporter-output>
          </reporter-output>
        </test-method> <!-- connectdb -->
        <test-method is-config="true" signature="openbrowser(java.lang.String)[pri:0, instance:actitime.CreateNewProjectAndVerify@239a307b]" started-at="2023-09-15T23:03:03 IST" name="openbrowser" finished-at="2023-09-15T23:03:18 IST" duration-ms="15349" status="PASS">
          <params>
            <param index="0">
              <value>
                <![CDATA[chrome]]>
              </value>
            </param>
          </params>
          <reporter-output>
          </reporter-output>
        </test-method> <!-- openbrowser -->
        <test-method is-config="true" signature="login()[pri:0, instance:actitime.CreateNewProjectAndVerify@239a307b]" started-at="2023-09-15T23:03:18 IST" name="login" finished-at="2023-09-15T23:03:18 IST" duration-ms="209" status="PASS">
          <reporter-output>
          </reporter-output>
        </test-method> <!-- login -->
        <test-method signature="CreateAndVerifyProject_Test()[pri:0, instance:actitime.CreateNewProjectAndVerify@239a307b]" started-at="2023-09-15T23:03:18 IST" name="CreateAndVerifyProject_Test" finished-at="2023-09-15T23:03:28 IST" duration-ms="9187" status="PASS">
          <reporter-output>
          </reporter-output>
        </test-method> <!-- CreateAndVerifyProject_Test -->
        <test-method is-config="true" signature="logout()[pri:0, instance:actitime.CreateNewProjectAndVerify@239a307b]" started-at="2023-09-15T23:03:28 IST" name="logout" finished-at="2023-09-15T23:03:30 IST" duration-ms="2156" status="PASS">
          <reporter-output>
          </reporter-output>
        </test-method> <!-- logout -->
        <test-method is-config="true" signature="close()[pri:0, instance:actitime.CreateNewProjectAndVerify@239a307b]" started-at="2023-09-15T23:03:30 IST" name="close" finished-at="2023-09-15T23:03:30 IST" duration-ms="1" status="PASS">
          <reporter-output>
          </reporter-output>
        </test-method> <!-- close -->
        <test-method is-config="true" signature="disconnectTodb()[pri:0, instance:actitime.CreateNewProjectAndVerify@239a307b]" started-at="2023-09-15T23:03:30 IST" name="disconnectTodb" finished-at="2023-09-15T23:03:30 IST" duration-ms="0" status="PASS">
          <reporter-output>
          </reporter-output>
        </test-method> <!-- disconnectTodb -->
      </class> <!-- actitime.CreateNewProjectAndVerify -->
    </test> <!-- Default test -->
  </suite> <!-- Default suite -->
</testng-results>
